<?xml version="1.0" encoding="UTF-8"?>
<!-- Generated by org.testng.reporters.JUnitReportReporter -->
<testsuite hostname="DESKTOP-00MLSTM" failures="0" tests="6" name="Practice.dataProvider" time="0.031" errors="0" timestamp="2024-03-24T22:39:59 IST" skipped="1">
  <testcase classname="Practice.dataProvider" name="test1" time="0.019"/>
  <testcase classname="Practice.dataProvider" name="test2dependstest1" time="0.003"/>
  <testcase classname="Practice.dataProvider" name="travellingTest" time="0.003"/>
  <testcase classname="Practice.dataProvider" name="travellingTest" time="0.004"/>
  <testcase classname="Practice.dataProvider" name="travellingTest" time="0.002"/>
  <testcase classname="Practice.dataProvider" name="test">
    <skipped/>
  </testcase> <!-- test -->
</testsuite> <!-- Practice.dataProvider -->
