<?xml version="1.0" encoding="UTF-8"?>
<!-- Generated by org.testng.reporters.JUnitReportReporter -->
<testsuite hostname="DESKTOP-00MLSTM" failures="0" tests="1" name="Practice.ParallelTesting" time="0.687" errors="0" timestamp="2024-07-26T15:36:07 IST" skipped="0">
  <testcase classname="Practice.ParallelTesting" name="LogInTest" time="0.687"/>
</testsuite> <!-- Practice.ParallelTesting -->
