<?xml version="1.0" encoding="UTF-8"?>
<!-- Generated by org.testng.reporters.JUnitReportReporter -->
<testsuite hostname="DESKTOP-00MLSTM" failures="0" tests="1" name="WebDriverMethods.CheckBoxes" time="3.895" errors="0" timestamp="2024-08-30T09:52:35 IST" skipped="0">
  <testcase classname="WebDriverMethods.CheckBoxes" name="checkbox" time="3.895"/>
</testsuite> <!-- WebDriverMethods.CheckBoxes -->
