<?xml version="1.0" encoding="UTF-8"?>
<!-- Generated by org.testng.reporters.JUnitReportReporter -->
<testsuite hostname="DESKTOP-00MLSTM" failures="0" tests="3" name="Practice.FaceBookTest" time="0.205" errors="0" timestamp="2024-03-29T16:28:34 IST" skipped="0">
  <testcase classname="Practice.FaceBookTest" name="verifyLoginPageTitle" time="0.023"/>
  <testcase classname="Practice.FaceBookTest" name="verifyForgotPassword" time="0.074"/>
  <testcase classname="Practice.FaceBookTest" name="verifyCreateLabel" time="0.108"/>
</testsuite> <!-- Practice.FaceBookTest -->
