<?xml version="1.0" encoding="UTF-8"?>
<!-- Generated by org.testng.reporters.JUnitReportReporter -->
<testsuite hostname="DESKTOP-00MLSTM" failures="0" tests="3" name="GroupExecution.RegressionTest" time="0.026" errors="0" timestamp="2024-10-07T17:38:34 IST" skipped="0">
  <testcase classname="GroupExecution.RegressionTest" name="PaymentPage" time="0.008"/>
  <testcase classname="GroupExecution.RegressionTest" name="HomePageMethod" time="0.010"/>
  <testcase classname="GroupExecution.RegressionTest" name="LogInMethod" time="0.008"/>
</testsuite> <!-- GroupExecution.RegressionTest -->
